<?xml version="1.0" encoding="UTF-8"?>
<!-- Generated by org.testng.reporters.JUnitReportReporter -->
<testsuite hostname="Abhisheks-MacBook-Pro.local" name="com.fin.qa.testcases.LoginTest" tests="2" failures="0" timestamp="20 Jan 2020 19:34:41 GMT" time="21.434" errors="0">
  <testcase name="invalidloginTest" time="10.130" classname="com.fin.qa.testcases.LoginTest"/>
  <testcase name="validloginTest" time="11.304" classname="com.fin.qa.testcases.LoginTest"/>
</testsuite> <!-- com.fin.qa.testcases.LoginTest -->
