<?xml version="1.0" encoding="UTF-8"?>
<!-- Generated by org.testng.reporters.JUnitReportReporter -->
<testsuite hostname="Abhisheks-MacBook-Pro.local" name="com.fin.qa.testcases.LoginTest" tests="2" failures="0" timestamp="20 Jan 2020 21:08:26 GMT" time="22.786" errors="0">
  <testcase name="validloginTest" time="10.904" classname="com.fin.qa.testcases.LoginTest"/>
  <testcase name="invalidloginTest" time="11.882" classname="com.fin.qa.testcases.LoginTest"/>
</testsuite> <!-- com.fin.qa.testcases.LoginTest -->
