<?xml version="1.0" encoding="UTF-8"?>
<!-- Generated by org.testng.reporters.JUnitReportReporter -->
<testsuite hostname="Abhisheks-MacBook-Pro.local" name="com.fin.qa.testcases.SignupPageTest" tests="1" failures="0" timestamp="20 Jan 2020 21:08:31 GMT" time="11.088" errors="0">
  <testcase name="signupTest" time="11.088" classname="com.fin.qa.testcases.SignupPageTest"/>
</testsuite> <!-- com.fin.qa.testcases.SignupPageTest -->
